<?xml version="1.0" encoding="UTF-8"?>
<testng-results ignored="0" total="1" passed="1" failed="0" skipped="0">
  <reporter-output>
  </reporter-output>
  <suite started-at="2019-02-09T14:42:00Z" name="newSuite" finished-at="2019-02-09T14:42:17Z" duration-ms="16707">
    <groups>
    </groups>
    <test started-at="2019-02-09T14:42:00Z" name="NewTest" finished-at="2019-02-09T14:42:17Z" duration-ms="16707">
      <class name="TestNG.verifyEdurekaPage">
        <test-method is-config="true" signature="launch()[pri:0, instance:TestNG.verifyEdurekaPage@68267da0]" started-at="2019-02-09T14:42:00Z" name="launch" finished-at="2019-02-09T14:42:14Z" duration-ms="13580" status="PASS">
          <reporter-output>
          </reporter-output>
        </test-method> <!-- launch -->
        <test-method signature="loginPage()[pri:0, instance:TestNG.verifyEdurekaPage@68267da0]" started-at="2019-02-09T14:42:14Z" name="loginPage" finished-at="2019-02-09T14:42:15Z" duration-ms="857" status="PASS">
          <reporter-output>
          </reporter-output>
        </test-method> <!-- loginPage -->
        <test-method is-config="true" signature="close()[pri:0, instance:TestNG.verifyEdurekaPage@68267da0]" started-at="2019-02-09T14:42:15Z" name="close" finished-at="2019-02-09T14:42:17Z" duration-ms="2227" status="PASS">
          <reporter-output>
          </reporter-output>
        </test-method> <!-- close -->
      </class> <!-- TestNG.verifyEdurekaPage -->
    </test> <!-- NewTest -->
  </suite> <!-- newSuite -->
</testng-results>
